<?xml version="1.0" encoding="UTF-8"?>
<!-- Generated by org.testng.reporters.JUnitReportReporter -->
<testsuite hostname="DESKTOP-TIC5DM4" failures="0" tests="5" name="milestone4.MileStoneAssessment4" time="4.173" errors="0" timestamp="2024-08-28T18:31:32 IST" skipped="0">
  <testcase classname="milestone4.MileStoneAssessment4" name="testDeleteUser" time="0.455"/>
  <testcase classname="milestone4.MileStoneAssessment4" name="testUpdateUserPut" time="0.469"/>
  <testcase classname="milestone4.MileStoneAssessment4" name="testGetUser" time="0.156"/>
  <testcase classname="milestone4.MileStoneAssessment4" name="testUpdateUserPatch" time="0.500"/>
  <testcase classname="milestone4.MileStoneAssessment4" name="testCreateUser" time="2.593"/>
</testsuite> <!-- milestone4.MileStoneAssessment4 -->
